Arguments: 
  /Users/wking/.nvm/versions/node/v8.9.4/bin/node /usr/local/Cellar/yarn/1.5.1_1/libexec/bin/yarn.js startyarn start

PATH: 
  /Users/wking/.nvm/versions/node/v8.9.4/bin:/usr/local/bin:/usr/bin:/bin:/usr/sbin:/sbin:/Users/wking/.composer/vendor/bin:/Users/wking/.local/bin

Yarn version: 
  1.5.1

Node version: 
  8.9.4

Platform: 
  darwin x64

npm manifest: 
  {
    "name": "elm-press",
    "version": "1.0.0",
    "repository": "git@github.com:wking-io/elm-press.git",
    "author": "William King",
    "license": "UNLICENSED",
    "private": true,
    "scripts": {
      "preinstall": "chmod +x install.sh && ./install.sh",
      "postinstall": "robo wordpress:setup",
      "start": "wp server"
    }
  }

yarn manifest: 
  No manifest

Lockfile: 
  # THIS IS AN AUTOGENERATED FILE. DO NOT EDIT THIS FILE DIRECTLY.
  # yarn lockfile v1

Trace: 
  Error: Command "startyarn" not found.
      at new MessageError (/usr/local/Cellar/yarn/1.5.1_1/libexec/lib/cli.js:186:110)
      at /usr/local/Cellar/yarn/1.5.1_1/libexec/lib/cli.js:87307:17
      at Generator.next (<anonymous>)
      at step (/usr/local/Cellar/yarn/1.5.1_1/libexec/lib/cli.js:98:30)
      at /usr/local/Cellar/yarn/1.5.1_1/libexec/lib/cli.js:116:14
      at new Promise (<anonymous>)
      at new F (/usr/local/Cellar/yarn/1.5.1_1/libexec/lib/cli.js:23451:28)
      at /usr/local/Cellar/yarn/1.5.1_1/libexec/lib/cli.js:95:12
      at runCommand (/usr/local/Cellar/yarn/1.5.1_1/libexec/lib/cli.js:87312:22)
      at Object.<anonymous> (/usr/local/Cellar/yarn/1.5.1_1/libexec/lib/cli.js:87412:14)
